2024-05-25T19:38:16.607+01:00  INFO 10796 --- [proctorsync] [restartedMain] c.e.p.ProctorsyncApplication             : Starting ProctorsyncApplication using Java 20.0.2 with PID 10796 (C:\Users\abdes\Programming\Projects\ProctorSync-api\target\classes started by abdes in C:\Users\abdes\Programming\Projects\ProctorSync-api)
2024-05-25T19:38:16.621+01:00  INFO 10796 --- [proctorsync] [restartedMain] c.e.p.ProctorsyncApplication             : No active profile set, falling back to 1 default profile: "default"
2024-05-25T19:38:16.747+01:00  INFO 10796 --- [proctorsync] [restartedMain] .e.DevToolsPropertyDefaultsPostProcessor : Devtools property defaults active! Set 'spring.devtools.add-properties' to 'false' to disable
2024-05-25T19:38:16.748+01:00  INFO 10796 --- [proctorsync] [restartedMain] .e.DevToolsPropertyDefaultsPostProcessor : For additional web related logging consider setting the 'logging.level.web' property to 'DEBUG'
2024-05-25T19:38:18.415+01:00  INFO 10796 --- [proctorsync] [restartedMain] .s.d.r.c.RepositoryConfigurationDelegate : Bootstrapping Spring Data JPA repositories in DEFAULT mode.
2024-05-25T19:38:18.467+01:00  INFO 10796 --- [proctorsync] [restartedMain] .s.d.r.c.RepositoryConfigurationDelegate : Finished Spring Data repository scanning in 33 ms. Found 0 JPA repository interfaces.
2024-05-25T19:38:19.654+01:00  INFO 10796 --- [proctorsync] [restartedMain] o.s.b.w.e.t.TomcatWebServer              : Tomcat initialized with port 8080 (http)
2024-05-25T19:38:19.692+01:00  INFO 10796 --- [proctorsync] [restartedMain] o.a.c.c.StandardService                  : Starting service [Tomcat]
2024-05-25T19:38:19.693+01:00  INFO 10796 --- [proctorsync] [restartedMain] o.a.c.c.StandardEngine                   : Starting Servlet engine: [Apache Tomcat/10.1.24]
2024-05-25T19:38:19.810+01:00  INFO 10796 --- [proctorsync] [restartedMain] o.a.c.c.C.[.[.[/]                        : Initializing Spring embedded WebApplicationContext
2024-05-25T19:38:19.811+01:00  INFO 10796 --- [proctorsync] [restartedMain] w.s.c.ServletWebServerApplicationContext : Root WebApplicationContext: initialization completed in 3060 ms
2024-05-25T19:38:20.976+01:00  INFO 10796 --- [proctorsync] [restartedMain] o.s.o.j.p.SpringPersistenceUnitInfo      : No LoadTimeWeaver setup: ignoring JPA class transformer
2024-05-25T19:38:21.040+01:00  INFO 10796 --- [proctorsync] [restartedMain] c.z.h.HikariDataSource                   : HikariPool-1 - Starting...
2024-05-25T19:38:22.076+01:00  INFO 10796 --- [proctorsync] [restartedMain] c.z.h.p.HikariPool                       : HikariPool-1 - Added connection ConnectionID:1 ClientConnectionId: e482d248-6322-452d-bdb3-f65e52701739
2024-05-25T19:38:22.078+01:00  INFO 10796 --- [proctorsync] [restartedMain] c.z.h.HikariDataSource                   : HikariPool-1 - Start completed.
2024-05-25T19:38:22.849+01:00  INFO 10796 --- [proctorsync] [restartedMain] j.LocalContainerEntityManagerFactoryBean : Initialized JPA EntityManagerFactory for persistence unit 'default'
2024-05-25T19:38:23.242+01:00  WARN 10796 --- [proctorsync] [restartedMain] JpaBaseConfiguration$JpaWebConfiguration : spring.jpa.open-in-view is enabled by default. Therefore, database queries may be performed during view rendering. Explicitly configure spring.jpa.open-in-view to disable this warning
2024-05-25T19:38:23.280+01:00  WARN 10796 --- [proctorsync] [restartedMain] .s.s.UserDetailsServiceAutoConfiguration : 

Using generated security password: ccff700a-6643-4d08-b156-800d57d0497a

This generated password is for development use only. Your security configuration must be updated before running your application in production.

2024-05-25T19:38:23.664+01:00 DEBUG 10796 --- [proctorsync] [restartedMain] s.w.s.m.m.a.RequestMappingHandlerMapping : 6 mappings in 'requestMappingHandlerMapping'
2024-05-25T19:38:24.424+01:00 DEBUG 10796 --- [proctorsync] [restartedMain] o.s.w.s.h.SimpleUrlHandlerMapping        : Patterns [/webjars/**, /**, /swagger-ui*/*swagger-initializer.js, /swagger-ui*/**] in 'resourceHandlerMapping'
2024-05-25T19:38:24.468+01:00  INFO 10796 --- [proctorsync] [restartedMain] o.s.s.w.DefaultSecurityFilterChain       : Will secure any request with [org.springframework.security.web.session.DisableEncodeUrlFilter@5dd13c9b, org.springframework.security.web.context.request.async.WebAsyncManagerIntegrationFilter@298a1d7f, org.springframework.security.web.context.SecurityContextHolderFilter@2a7b77ad, org.springframework.security.web.header.HeaderWriterFilter@719db6bd, org.springframework.web.filter.CorsFilter@597d224, org.springframework.security.web.csrf.CsrfFilter@10355037, org.springframework.security.web.authentication.logout.LogoutFilter@6f301553, org.springframework.security.web.savedrequest.RequestCacheAwareFilter@4b84ce4d, org.springframework.security.web.servletapi.SecurityContextHolderAwareRequestFilter@b745cf0, org.springframework.security.web.authentication.AnonymousAuthenticationFilter@25bed2cb, org.springframework.security.web.access.ExceptionTranslationFilter@19e7bd58]
2024-05-25T19:38:24.645+01:00 DEBUG 10796 --- [proctorsync] [restartedMain] s.w.s.m.m.a.RequestMappingHandlerAdapter : ControllerAdvice beans: 0 @ModelAttribute, 0 @InitBinder, 1 RequestBodyAdvice, 1 ResponseBodyAdvice
2024-05-25T19:38:24.718+01:00 DEBUG 10796 --- [proctorsync] [restartedMain] .m.m.a.ExceptionHandlerExceptionResolver : ControllerAdvice beans: 1 @ExceptionHandler, 1 ResponseBodyAdvice
2024-05-25T19:38:25.074+01:00  INFO 10796 --- [proctorsync] [restartedMain] o.s.b.d.a.OptionalLiveReloadServer       : LiveReload server is running on port 35729
2024-05-25T19:38:25.155+01:00  INFO 10796 --- [proctorsync] [restartedMain] o.s.b.w.e.t.TomcatWebServer              : Tomcat started on port 8080 (http) with context path ''
2024-05-25T19:38:25.179+01:00  INFO 10796 --- [proctorsync] [restartedMain] c.e.p.ProctorsyncApplication             : Started ProctorsyncApplication in 9.29 seconds (process running for 10.721)
2024-05-25T19:38:25.303+01:00  INFO 10796 --- [proctorsync] [http-nio-8080-exec-1] o.a.c.c.C.[.[.[/]                        : Initializing Spring DispatcherServlet 'dispatcherServlet'
2024-05-25T19:38:25.303+01:00  INFO 10796 --- [proctorsync] [http-nio-8080-exec-1] o.s.w.s.DispatcherServlet                : Initializing Servlet 'dispatcherServlet'
2024-05-25T19:38:25.304+01:00 DEBUG 10796 --- [proctorsync] [http-nio-8080-exec-1] o.s.w.s.DispatcherServlet                : Detected StandardServletMultipartResolver
2024-05-25T19:38:25.305+01:00 DEBUG 10796 --- [proctorsync] [http-nio-8080-exec-1] o.s.w.s.DispatcherServlet                : Detected AcceptHeaderLocaleResolver
2024-05-25T19:38:25.305+01:00 DEBUG 10796 --- [proctorsync] [http-nio-8080-exec-1] o.s.w.s.DispatcherServlet                : Detected FixedThemeResolver
2024-05-25T19:38:25.307+01:00 DEBUG 10796 --- [proctorsync] [http-nio-8080-exec-1] o.s.w.s.DispatcherServlet                : Detected org.springframework.web.servlet.view.DefaultRequestToViewNameTranslator@38a299ab
2024-05-25T19:38:25.308+01:00 DEBUG 10796 --- [proctorsync] [http-nio-8080-exec-1] o.s.w.s.DispatcherServlet                : Detected org.springframework.web.servlet.support.SessionFlashMapManager@5f0d6797
2024-05-25T19:38:25.308+01:00 DEBUG 10796 --- [proctorsync] [http-nio-8080-exec-1] o.s.w.s.DispatcherServlet                : enableLoggingRequestDetails='false': request parameters and headers will be masked to prevent unsafe logging of potentially sensitive data
2024-05-25T19:38:25.309+01:00  INFO 10796 --- [proctorsync] [http-nio-8080-exec-1] o.s.w.s.DispatcherServlet                : Completed initialization in 4 ms
2024-05-25T19:38:25.367+01:00 DEBUG 10796 --- [proctorsync] [http-nio-8080-exec-1] o.s.w.s.DispatcherServlet                : GET "/swagger-ui/index.html", parameters={}
2024-05-25T19:38:25.372+01:00 DEBUG 10796 --- [proctorsync] [http-nio-8080-exec-1] o.s.w.s.h.SimpleUrlHandlerMapping        : Mapped to ResourceHttpRequestHandler [classpath [META-INF/resources/webjars/]]
2024-05-25T19:38:25.478+01:00 DEBUG 10796 --- [proctorsync] [http-nio-8080-exec-1] o.s.w.s.DispatcherServlet                : Completed 200 OK
2024-05-25T19:38:25.601+01:00 DEBUG 10796 --- [proctorsync] [http-nio-8080-exec-2] o.s.w.s.DispatcherServlet                : GET "/swagger-ui/swagger-ui.css", parameters={}
2024-05-25T19:38:25.601+01:00 DEBUG 10796 --- [proctorsync] [http-nio-8080-exec-3] o.s.w.s.DispatcherServlet                : GET "/swagger-ui/index.css", parameters={}
2024-05-25T19:38:25.602+01:00 DEBUG 10796 --- [proctorsync] [http-nio-8080-exec-2] o.s.w.s.h.SimpleUrlHandlerMapping        : Mapped to ResourceHttpRequestHandler [classpath [META-INF/resources/webjars/]]
2024-05-25T19:38:25.602+01:00 DEBUG 10796 --- [proctorsync] [http-nio-8080-exec-3] o.s.w.s.h.SimpleUrlHandlerMapping        : Mapped to ResourceHttpRequestHandler [classpath [META-INF/resources/webjars/]]
2024-05-25T19:38:25.605+01:00 DEBUG 10796 --- [proctorsync] [http-nio-8080-exec-4] o.s.w.s.DispatcherServlet                : GET "/swagger-ui/swagger-ui-bundle.js", parameters={}
2024-05-25T19:38:25.605+01:00 DEBUG 10796 --- [proctorsync] [http-nio-8080-exec-6] o.s.w.s.DispatcherServlet                : GET "/swagger-ui/swagger-initializer.js", parameters={}
2024-05-25T19:38:25.605+01:00 DEBUG 10796 --- [proctorsync] [http-nio-8080-exec-5] o.s.w.s.DispatcherServlet                : GET "/swagger-ui/swagger-ui-standalone-preset.js", parameters={}
2024-05-25T19:38:25.607+01:00 DEBUG 10796 --- [proctorsync] [http-nio-8080-exec-3] o.s.w.s.DispatcherServlet                : Completed 200 OK
2024-05-25T19:38:25.607+01:00 DEBUG 10796 --- [proctorsync] [http-nio-8080-exec-6] o.s.w.s.h.SimpleUrlHandlerMapping        : Mapped to ResourceHttpRequestHandler [classpath [META-INF/resources/webjars/]]
2024-05-25T19:38:25.607+01:00 DEBUG 10796 --- [proctorsync] [http-nio-8080-exec-4] o.s.w.s.h.SimpleUrlHandlerMapping        : Mapped to ResourceHttpRequestHandler [classpath [META-INF/resources/webjars/]]
2024-05-25T19:38:25.608+01:00 DEBUG 10796 --- [proctorsync] [http-nio-8080-exec-5] o.s.w.s.h.SimpleUrlHandlerMapping        : Mapped to ResourceHttpRequestHandler [classpath [META-INF/resources/webjars/]]
2024-05-25T19:38:25.610+01:00 DEBUG 10796 --- [proctorsync] [http-nio-8080-exec-2] o.s.w.s.DispatcherServlet                : Completed 200 OK
2024-05-25T19:38:25.622+01:00 DEBUG 10796 --- [proctorsync] [http-nio-8080-exec-5] o.s.w.s.DispatcherServlet                : Completed 200 OK
2024-05-25T19:38:25.630+01:00 DEBUG 10796 --- [proctorsync] [http-nio-8080-exec-4] o.s.w.s.DispatcherServlet                : Completed 200 OK
2024-05-25T19:38:25.655+01:00 DEBUG 10796 --- [proctorsync] [http-nio-8080-exec-6] o.s.w.s.DispatcherServlet                : Completed 200 OK
2024-05-25T19:38:26.073+01:00 DEBUG 10796 --- [proctorsync] [http-nio-8080-exec-8] o.s.w.s.DispatcherServlet                : GET "/swagger-ui/favicon-32x32.png", parameters={}
2024-05-25T19:38:26.073+01:00 DEBUG 10796 --- [proctorsync] [http-nio-8080-exec-7] o.s.w.s.DispatcherServlet                : GET "/v3/api-docs/swagger-config", parameters={}
2024-05-25T19:38:26.074+01:00 DEBUG 10796 --- [proctorsync] [http-nio-8080-exec-7] s.w.s.m.m.a.RequestMappingHandlerMapping : Mapped to org.springdoc.webmvc.ui.SwaggerConfigResource#openapiJson(HttpServletRequest)
2024-05-25T19:38:26.075+01:00 DEBUG 10796 --- [proctorsync] [http-nio-8080-exec-8] o.s.w.s.h.SimpleUrlHandlerMapping        : Mapped to ResourceHttpRequestHandler [classpath [META-INF/resources/webjars/]]
2024-05-25T19:38:26.080+01:00 DEBUG 10796 --- [proctorsync] [http-nio-8080-exec-8] o.s.w.s.DispatcherServlet                : Completed 200 OK
2024-05-25T19:38:26.104+01:00 DEBUG 10796 --- [proctorsync] [http-nio-8080-exec-7] m.m.a.RequestResponseBodyMethodProcessor : Using 'application/json', given [*/*] and supported [application/json]
2024-05-25T19:38:26.108+01:00 DEBUG 10796 --- [proctorsync] [http-nio-8080-exec-7] m.m.a.RequestResponseBodyMethodProcessor : Writing [{configUrl=/v3/api-docs/swagger-config, oauth2RedirectUrl=http://localhost:8080/swagger-ui/oauth2-re (truncated)...]
2024-05-25T19:38:26.118+01:00 DEBUG 10796 --- [proctorsync] [http-nio-8080-exec-7] o.s.w.s.DispatcherServlet                : Completed 200 OK
2024-05-25T19:38:26.158+01:00 DEBUG 10796 --- [proctorsync] [http-nio-8080-exec-9] o.s.w.s.DispatcherServlet                : GET "/v3/api-docs", parameters={}
2024-05-25T19:38:26.159+01:00 DEBUG 10796 --- [proctorsync] [http-nio-8080-exec-9] s.w.s.m.m.a.RequestMappingHandlerMapping : Mapped to org.springdoc.webmvc.api.OpenApiWebMvcResource#openapiJson(HttpServletRequest, String, Locale)
2024-05-25T19:38:26.364+01:00  INFO 10796 --- [proctorsync] [http-nio-8080-exec-9] o.s.a.AbstractOpenApiResource            : Init duration for springdoc-openapi is: 185 ms
2024-05-25T19:38:26.397+01:00 DEBUG 10796 --- [proctorsync] [http-nio-8080-exec-9] m.m.a.RequestResponseBodyMethodProcessor : Using 'application/json', given [application/json, */*] and supported [application/json]
2024-05-25T19:38:26.399+01:00 DEBUG 10796 --- [proctorsync] [http-nio-8080-exec-9] m.m.a.RequestResponseBodyMethodProcessor : Writing ["{"openapi":"3.0.1","info":{"title":"OpenAPI definition","version":"v0"},"servers":[{"url":"http://lo (truncated)..."]
2024-05-25T19:38:26.402+01:00 DEBUG 10796 --- [proctorsync] [http-nio-8080-exec-9] o.s.w.s.DispatcherServlet                : Completed 200 OK
2024-05-25T19:51:02.128+01:00  INFO 10796 --- [proctorsync] [File Watcher] rtingClassPathChangeChangedEventListener : Restarting due to 1 class path change (1 addition, 0 deletions, 0 modifications)
2024-05-25T19:51:03.170+01:00  INFO 10796 --- [proctorsync] [Thread-5] j.LocalContainerEntityManagerFactoryBean : Closing JPA EntityManagerFactory for persistence unit 'default'
2024-05-25T19:51:03.335+01:00  INFO 10796 --- [proctorsync] [Thread-5] c.z.h.HikariDataSource                   : HikariPool-1 - Shutdown initiated...
2024-05-25T19:51:03.496+01:00  INFO 10796 --- [proctorsync] [Thread-5] c.z.h.HikariDataSource                   : HikariPool-1 - Shutdown completed.
2024-05-25T19:51:05.162+01:00  INFO 10796 --- [proctorsync] [restartedMain] c.e.p.ProctorsyncApplication             : Starting ProctorsyncApplication using Java 20.0.2 with PID 10796 (C:\Users\abdes\Programming\Projects\ProctorSync-api\target\classes started by abdes in C:\Users\abdes\Programming\Projects\ProctorSync-api)
2024-05-25T19:51:05.165+01:00  INFO 10796 --- [proctorsync] [restartedMain] c.e.p.ProctorsyncApplication             : No active profile set, falling back to 1 default profile: "default"
2024-05-25T19:51:05.806+01:00  INFO 10796 --- [proctorsync] [restartedMain] .s.d.r.c.RepositoryConfigurationDelegate : Bootstrapping Spring Data JPA repositories in DEFAULT mode.
2024-05-25T19:51:05.809+01:00  INFO 10796 --- [proctorsync] [restartedMain] .s.d.r.c.RepositoryConfigurationDelegate : Finished Spring Data repository scanning in 1 ms. Found 0 JPA repository interfaces.
2024-05-25T19:51:06.055+01:00  INFO 10796 --- [proctorsync] [restartedMain] o.s.b.w.e.t.TomcatWebServer              : Tomcat initialized with port 8080 (http)
2024-05-25T19:51:06.056+01:00  INFO 10796 --- [proctorsync] [restartedMain] o.a.c.c.StandardService                  : Starting service [Tomcat]
2024-05-25T19:51:06.057+01:00  INFO 10796 --- [proctorsync] [restartedMain] o.a.c.c.StandardEngine                   : Starting Servlet engine: [Apache Tomcat/10.1.24]
2024-05-25T19:51:06.091+01:00  INFO 10796 --- [proctorsync] [restartedMain] o.a.c.c.C.[.[.[/]                        : Initializing Spring embedded WebApplicationContext
2024-05-25T19:51:06.091+01:00  INFO 10796 --- [proctorsync] [restartedMain] w.s.c.ServletWebServerApplicationContext : Root WebApplicationContext: initialization completed in 917 ms
2024-05-25T19:51:06.153+01:00  INFO 10796 --- [proctorsync] [restartedMain] o.s.o.j.p.SpringPersistenceUnitInfo      : No LoadTimeWeaver setup: ignoring JPA class transformer
2024-05-25T19:51:06.154+01:00  INFO 10796 --- [proctorsync] [restartedMain] c.z.h.HikariDataSource                   : HikariPool-2 - Starting...
2024-05-25T19:51:06.420+01:00  INFO 10796 --- [proctorsync] [restartedMain] c.z.h.p.HikariPool                       : HikariPool-2 - Added connection ConnectionID:11 ClientConnectionId: cc4c7ce7-8f42-4261-8b9a-d9858de81210
2024-05-25T19:51:06.421+01:00  INFO 10796 --- [proctorsync] [restartedMain] c.z.h.HikariDataSource                   : HikariPool-2 - Start completed.
2024-05-25T19:51:06.448+01:00  INFO 10796 --- [proctorsync] [restartedMain] j.LocalContainerEntityManagerFactoryBean : Initialized JPA EntityManagerFactory for persistence unit 'default'
2024-05-25T19:51:06.513+01:00  WARN 10796 --- [proctorsync] [restartedMain] JpaBaseConfiguration$JpaWebConfiguration : spring.jpa.open-in-view is enabled by default. Therefore, database queries may be performed during view rendering. Explicitly configure spring.jpa.open-in-view to disable this warning
2024-05-25T19:51:06.565+01:00  WARN 10796 --- [proctorsync] [restartedMain] .s.s.UserDetailsServiceAutoConfiguration : 

Using generated security password: 24a873c4-d3bc-4296-a0d2-dc7996a474a0

This generated password is for development use only. Your security configuration must be updated before running your application in production.

2024-05-25T19:51:06.591+01:00 DEBUG 10796 --- [proctorsync] [restartedMain] s.w.s.m.m.a.RequestMappingHandlerMapping : 6 mappings in 'requestMappingHandlerMapping'
2024-05-25T19:51:06.911+01:00 DEBUG 10796 --- [proctorsync] [restartedMain] o.s.w.s.h.SimpleUrlHandlerMapping        : Patterns [/webjars/**, /**, /swagger-ui*/*swagger-initializer.js, /swagger-ui*/**] in 'resourceHandlerMapping'
2024-05-25T19:51:06.932+01:00  INFO 10796 --- [proctorsync] [restartedMain] o.s.s.w.DefaultSecurityFilterChain       : Will secure any request with [org.springframework.security.web.session.DisableEncodeUrlFilter@78316032, org.springframework.security.web.context.request.async.WebAsyncManagerIntegrationFilter@377ae1dc, org.springframework.security.web.context.SecurityContextHolderFilter@5b49ec16, org.springframework.security.web.header.HeaderWriterFilter@e8d02b3, org.springframework.web.filter.CorsFilter@6e1b5518, org.springframework.security.web.csrf.CsrfFilter@536bdfcb, org.springframework.security.web.authentication.logout.LogoutFilter@2190f14e, org.springframework.security.web.savedrequest.RequestCacheAwareFilter@56d1e533, org.springframework.security.web.servletapi.SecurityContextHolderAwareRequestFilter@53d38af2, org.springframework.security.web.authentication.AnonymousAuthenticationFilter@4827c314, org.springframework.security.web.access.ExceptionTranslationFilter@50bae9]
2024-05-25T19:51:06.965+01:00 DEBUG 10796 --- [proctorsync] [restartedMain] s.w.s.m.m.a.RequestMappingHandlerAdapter : ControllerAdvice beans: 0 @ModelAttribute, 0 @InitBinder, 1 RequestBodyAdvice, 1 ResponseBodyAdvice
2024-05-25T19:51:06.969+01:00 DEBUG 10796 --- [proctorsync] [restartedMain] .m.m.a.ExceptionHandlerExceptionResolver : ControllerAdvice beans: 1 @ExceptionHandler, 1 ResponseBodyAdvice
2024-05-25T19:51:07.042+01:00  INFO 10796 --- [proctorsync] [restartedMain] o.s.b.d.a.OptionalLiveReloadServer       : LiveReload server is running on port 35729
2024-05-25T19:51:07.063+01:00  INFO 10796 --- [proctorsync] [restartedMain] o.s.b.w.e.t.TomcatWebServer              : Tomcat started on port 8080 (http) with context path ''
2024-05-25T19:51:07.071+01:00  INFO 10796 --- [proctorsync] [restartedMain] c.e.p.ProctorsyncApplication             : Started ProctorsyncApplication in 2.255 seconds (process running for 772.614)
2024-05-25T19:51:07.076+01:00  INFO 10796 --- [proctorsync] [restartedMain] .ConditionEvaluationDeltaLoggingListener : Condition evaluation unchanged
2024-05-25T19:51:42.054+01:00  INFO 10796 --- [proctorsync] [File Watcher] rtingClassPathChangeChangedEventListener : Restarting due to 1 class path change (1 addition, 0 deletions, 0 modifications)
2024-05-25T19:51:42.092+01:00  INFO 10796 --- [proctorsync] [Thread-7] j.LocalContainerEntityManagerFactoryBean : Closing JPA EntityManagerFactory for persistence unit 'default'
2024-05-25T19:51:42.094+01:00  INFO 10796 --- [proctorsync] [Thread-7] c.z.h.HikariDataSource                   : HikariPool-2 - Shutdown initiated...
2024-05-25T19:51:42.098+01:00  INFO 10796 --- [proctorsync] [Thread-7] c.z.h.HikariDataSource                   : HikariPool-2 - Shutdown completed.
2024-05-25T19:51:42.197+01:00  INFO 10796 --- [proctorsync] [restartedMain] c.e.p.ProctorsyncApplication             : Starting ProctorsyncApplication using Java 20.0.2 with PID 10796 (C:\Users\abdes\Programming\Projects\ProctorSync-api\target\classes started by abdes in C:\Users\abdes\Programming\Projects\ProctorSync-api)
2024-05-25T19:51:42.198+01:00  INFO 10796 --- [proctorsync] [restartedMain] c.e.p.ProctorsyncApplication             : No active profile set, falling back to 1 default profile: "default"
2024-05-25T19:51:42.461+01:00  INFO 10796 --- [proctorsync] [restartedMain] .s.d.r.c.RepositoryConfigurationDelegate : Bootstrapping Spring Data JPA repositories in DEFAULT mode.
2024-05-25T19:51:42.465+01:00  INFO 10796 --- [proctorsync] [restartedMain] .s.d.r.c.RepositoryConfigurationDelegate : Finished Spring Data repository scanning in 3 ms. Found 0 JPA repository interfaces.
2024-05-25T19:51:42.612+01:00  INFO 10796 --- [proctorsync] [restartedMain] o.s.b.w.e.t.TomcatWebServer              : Tomcat initialized with port 8080 (http)
2024-05-25T19:51:42.614+01:00  INFO 10796 --- [proctorsync] [restartedMain] o.a.c.c.StandardService                  : Starting service [Tomcat]
2024-05-25T19:51:42.614+01:00  INFO 10796 --- [proctorsync] [restartedMain] o.a.c.c.StandardEngine                   : Starting Servlet engine: [Apache Tomcat/10.1.24]
2024-05-25T19:51:42.637+01:00  INFO 10796 --- [proctorsync] [restartedMain] o.a.c.c.C.[.[.[/]                        : Initializing Spring embedded WebApplicationContext
2024-05-25T19:51:42.637+01:00  INFO 10796 --- [proctorsync] [restartedMain] w.s.c.ServletWebServerApplicationContext : Root WebApplicationContext: initialization completed in 436 ms
2024-05-25T19:51:42.715+01:00  INFO 10796 --- [proctorsync] [restartedMain] o.s.o.j.p.SpringPersistenceUnitInfo      : No LoadTimeWeaver setup: ignoring JPA class transformer
2024-05-25T19:51:42.717+01:00  INFO 10796 --- [proctorsync] [restartedMain] c.z.h.HikariDataSource                   : HikariPool-3 - Starting...
2024-05-25T19:51:42.778+01:00  INFO 10796 --- [proctorsync] [restartedMain] c.z.h.p.HikariPool                       : HikariPool-3 - Added connection ConnectionID:21 ClientConnectionId: 610a2a42-d546-4497-9726-70ce713ee29c
2024-05-25T19:51:42.778+01:00  INFO 10796 --- [proctorsync] [restartedMain] c.z.h.HikariDataSource                   : HikariPool-3 - Start completed.
2024-05-25T19:51:42.807+01:00  INFO 10796 --- [proctorsync] [restartedMain] j.LocalContainerEntityManagerFactoryBean : Initialized JPA EntityManagerFactory for persistence unit 'default'
2024-05-25T19:51:42.872+01:00  WARN 10796 --- [proctorsync] [restartedMain] JpaBaseConfiguration$JpaWebConfiguration : spring.jpa.open-in-view is enabled by default. Therefore, database queries may be performed during view rendering. Explicitly configure spring.jpa.open-in-view to disable this warning
2024-05-25T19:51:42.881+01:00  WARN 10796 --- [proctorsync] [restartedMain] .s.s.UserDetailsServiceAutoConfiguration : 

Using generated security password: be819c97-6137-4d48-882f-096bb53217bc

This generated password is for development use only. Your security configuration must be updated before running your application in production.

2024-05-25T19:51:42.931+01:00 DEBUG 10796 --- [proctorsync] [restartedMain] s.w.s.m.m.a.RequestMappingHandlerMapping : 6 mappings in 'requestMappingHandlerMapping'
2024-05-25T19:51:43.319+01:00 DEBUG 10796 --- [proctorsync] [restartedMain] o.s.w.s.h.SimpleUrlHandlerMapping        : Patterns [/webjars/**, /**, /swagger-ui*/*swagger-initializer.js, /swagger-ui*/**] in 'resourceHandlerMapping'
2024-05-25T19:51:43.332+01:00  INFO 10796 --- [proctorsync] [restartedMain] o.s.s.w.DefaultSecurityFilterChain       : Will secure any request with [org.springframework.security.web.session.DisableEncodeUrlFilter@580f3897, org.springframework.security.web.context.request.async.WebAsyncManagerIntegrationFilter@5bc3b8e1, org.springframework.security.web.context.SecurityContextHolderFilter@65f115ba, org.springframework.security.web.header.HeaderWriterFilter@43b8f0fa, org.springframework.web.filter.CorsFilter@4676568, org.springframework.security.web.csrf.CsrfFilter@6e0236fa, org.springframework.security.web.authentication.logout.LogoutFilter@18a4da11, org.springframework.security.web.savedrequest.RequestCacheAwareFilter@1a3b4a18, org.springframework.security.web.servletapi.SecurityContextHolderAwareRequestFilter@71ae4c23, org.springframework.security.web.authentication.AnonymousAuthenticationFilter@3a2d53a7, org.springframework.security.web.access.ExceptionTranslationFilter@7de2c387]
2024-05-25T19:51:43.353+01:00 DEBUG 10796 --- [proctorsync] [restartedMain] s.w.s.m.m.a.RequestMappingHandlerAdapter : ControllerAdvice beans: 0 @ModelAttribute, 0 @InitBinder, 1 RequestBodyAdvice, 1 ResponseBodyAdvice
2024-05-25T19:51:43.357+01:00 DEBUG 10796 --- [proctorsync] [restartedMain] .m.m.a.ExceptionHandlerExceptionResolver : ControllerAdvice beans: 1 @ExceptionHandler, 1 ResponseBodyAdvice
2024-05-25T19:51:43.419+01:00  INFO 10796 --- [proctorsync] [restartedMain] o.s.b.d.a.OptionalLiveReloadServer       : LiveReload server is running on port 35729
2024-05-25T19:51:43.429+01:00  INFO 10796 --- [proctorsync] [restartedMain] o.s.b.w.e.t.TomcatWebServer              : Tomcat started on port 8080 (http) with context path ''
2024-05-25T19:51:43.434+01:00  INFO 10796 --- [proctorsync] [restartedMain] c.e.p.ProctorsyncApplication             : Started ProctorsyncApplication in 1.282 seconds (process running for 808.977)
2024-05-25T19:51:43.437+01:00  INFO 10796 --- [proctorsync] [restartedMain] .ConditionEvaluationDeltaLoggingListener : Condition evaluation unchanged
